<?xml version="1.0" encoding="UTF-8"?>
<!-- Generated by org.testng.reporters.JUnitReportReporter -->
<testsuite hostname="Gnanamanideep" failures="0" tests="1" name="javaTpointTests.LandingPageTest" time="27.212" errors="0" timestamp="2023-04-04T11:17:27 EDT" skipped="0">
  <testcase classname="javaTpointTests.LandingPageTest" name="hoverTestAmazonLogin" time="27.212"/>
  <system-out/>
</testsuite> <!-- javaTpointTests.LandingPageTest -->
