<?xml version="1.0" encoding="UTF-8"?>
<!-- Generated by org.testng.reporters.JUnitReportReporter -->
<testsuite hostname="Gnanamanideep" failures="0" tests="3" name="javaTpointTests.DataproviderTests" time="28.471" errors="0" timestamp="2023-04-04T12:38:08 EDT" skipped="0">
  <testcase classname="javaTpointTests.DataproviderTests" name="printData" time="7.505"/>
  <system-out/>
  <testcase classname="javaTpointTests.DataproviderTests" name="printData" time="9.488"/>
  <system-out/>
  <testcase classname="javaTpointTests.DataproviderTests" name="printData" time="11.478"/>
  <system-out/>
</testsuite> <!-- javaTpointTests.DataproviderTests -->
